<?xml version="1.0" encoding="UTF-8" standalone="no"?>
<result>
    <who>
        <when>
            <title>
                <TITLE>ACT I</TITLE>
            </title>
        </when>
    </who>
    <who>
        <when>
            <title>
                <TITLE>SCENE I.  Rome. A street.</TITLE>
            </title>
        </when>
    </who>
    <who>
        <when>
            <title>
                <TITLE>SCENE III.  The same. A street.</TITLE>
            </title>
        </when>
    </who>
    <who>
        <when>
            <title>
                <TITLE>SCENE II.  A public place.</TITLE>
            </title>
        </when>
    </who>
</result>
