([] doc(" j_caesar.xml ")// ([13] PERSONA))
36
PERSONA JULIUS CAESAR
PERSONA ARTEMIDORUS Of Cnidos, a teacher of rhetoric. 
PERSONA A Soothsayer
PERSONA CINNA, a poet. 
PERSONA Another Poet
PERSONA PINDARUS, servant to Cassius.
PERSONA CALPURNIA, wife to Caesar.
PERSONA PORTIA, wife to Brutus.
PERSONA Senators, Citizens, Guards, Attendants, &c.
PERSONA OCTAVIUS CAESAR
PERSONA MARCUS ANTONIUS
PERSONA M. AEMILIUS LEPIDUS
PERSONA CICERO
PERSONA PUBLIUS
PERSONA POPILIUS LENA
PERSONA MARCUS BRUTUS
PERSONA CASSIUS
PERSONA CASCA
PERSONA TREBONIUS
PERSONA LIGARIUS
PERSONA DECIUS BRUTUS
PERSONA METELLUS CIMBER
PERSONA CINNA
PERSONA FLAVIUS
PERSONA MARULLUS
PERSONA LUCILIUS
PERSONA TITINIUS
PERSONA MESSALA
PERSONA Young CATO
PERSONA VOLUMNIUS
PERSONA VARRO
PERSONA CLITUS
PERSONA CLAUDIUS
PERSONA STRATO
PERSONA LUCIUS
PERSONA DARDANIUS
